Ignoring AAE DB Resetting ...
Updating timing graph...
  
  Leaving CCOpt scope - BuildTimeGraph...
#################################################################################
# Design Stage: PreRoute
# Design Name: systolic_array_top
# Design Mode: 90nm
# Analysis Mode: MMMC OCV 
# Parasitics Mode: No SPEF/RCDB 
# Signoff Settings: SI Off 
#################################################################################
Start delay calculation (fullDC) (1 T). (MEM=2263.58)
*** Calculating scaling factor for slow libraries using the default operating condition of each library.
Total number of fetched objects 24684
AAE_INFO: Total number of nets for which stage creation was skipped for all views 0
End delay calculation. (MEM=2315.74 CPU=0:00:01.1 REAL=0:00:01.0)
End delay calculation (fullDC). (MEM=2315.74 CPU=0:00:01.5 REAL=0:00:02.0)
  Leaving CCOpt scope - BuildTimeGraph done. (took cpu=0:00:01.8 real=0:00:01.8)
Updating timing graph done.
Updating latch analysis...
  Leaving CCOpt scope - Updating latch analysis...
  Leaving CCOpt scope - Updating latch analysis done. (took cpu=0:00:00.3 real=0:00:00.3)
Updating latch analysis done.
Clock tree timing engine global stage delay update for max:setup.early...
Clock tree timing engine global stage delay update for max:setup.early done. (took cpu=0:00:00.1 real=0:00:00.1)
Clock tree timing engine global stage delay update for max:setup.late...
Clock tree timing engine global stage delay update for max:setup.late done. (took cpu=0:00:00.0 real=0:00:00.0)
Clock tree timing engine global stage delay update for min:hold.early...
Clock tree timing engine global stage delay update for min:hold.early done. (took cpu=0:00:00.0 real=0:00:00.0)
Clock tree timing engine global stage delay update for min:hold.late...
Clock tree timing engine global stage delay update for min:hold.late done. (took cpu=0:00:00.0 real=0:00:00.0)

Skew Group Structure:
=====================

--------------------------------------------------------------------------
Skew Group             Sources    Constrained Sinks    Unconstrained Sinks
--------------------------------------------------------------------------
sys_clk/constraints       1             3241                    0
--------------------------------------------------------------------------

Skew Group Summary:
===================

---------------------------------------------------------------------------------------------------------------------------------------------------------------------
Timing Corner      Skew Group             ID Target    Min ID    Max ID    Avg ID    Std.Dev. ID    Skew Target Type    Skew Target    Skew     Skew window occupancy
---------------------------------------------------------------------------------------------------------------------------------------------------------------------
max:setup.early    sys_clk/constraints        -        0.439     0.460     0.451        0.005       ignored                  -         0.022              -
max:setup.late     sys_clk/constraints    none         0.446     0.468     0.458        0.005       explicit             0.050         0.022    100% {0.446, 0.468}
min:hold.early     sys_clk/constraints        -        0.139     0.151     0.146        0.002       ignored                  -         0.012              -
min:hold.late      sys_clk/constraints        -        0.141     0.153     0.149        0.002       ignored                  -         0.013              -
---------------------------------------------------------------------------------------------------------------------------------------------------------------------

* - indicates that target was not met.

Skew Group Min/Max path pins:
=============================

------------------------------------------------------------------------------
Timing Corner      Skew Group             Min ID    PathID    Max ID    PathID
------------------------------------------------------------------------------
max:setup.early    sys_clk/constraints    0.439       1       0.460       2
-    min ROW_GEN[2].COL_GEN[3].pe_inst_result_reg[4]/CK
-    max ROW_GEN[3].COL_GEN[6].pe_inst_result_reg[15]/CK
max:setup.late     sys_clk/constraints    0.446       3       0.468       4
-    min ROW_GEN[2].COL_GEN[3].pe_inst_result_reg[4]/CK
-    max ROW_GEN[3].COL_GEN[6].pe_inst_result_reg[15]/CK
min:hold.early     sys_clk/constraints    0.139       5       0.151       6
-    min ROW_GEN[4].COL_GEN[1].pe_inst_outp_east_reg[3]/CK
-    max ROW_GEN[3].COL_GEN[6].pe_inst_result_reg[15]/CK
min:hold.late      sys_clk/constraints    0.141       7       0.153       8
-    min ROW_GEN[4].COL_GEN[1].pe_inst_outp_east_reg[3]/CK
-    max ROW_GEN[7].COL_GEN[3].pe_inst_result_reg[14]/CK
------------------------------------------------------------------------------

Timing for timing corner max:setup.early, min clock_path:
=========================================================

PathID    : 1
Path type : skew group sys_clk/constraints (path 1 of 1)
Start     : clk
End       : ROW_GEN[2].COL_GEN[3].pe_inst_result_reg[4]/CK
Delay     : 0.439

-------------------------------------------------------------------------------------------------
Name  Lib cell   Event  Incr   Arrival  Slew   Cap    Location           Distance  Fanout  Status
                        (ns)   (ns)     (ns)   (pF)                      (um)              
-- Clockpath trace ------------------------------------------------------------------------------
clk
-     -          rise   -       0.000   0.003  0.053  (0.000,232.725)    -            2    
CTS_ccl_a_buf_00106/A
-     CLKBUFX16  rise   0.001   0.001   0.003  -      (247.225,233.885)  248.385   -       
CTS_ccl_a_buf_00106/Y
-     CLKBUFX16  rise   0.190   0.191   0.144  0.233  (253.315,233.595)    6.380     15    
CTS_ccl_a_buf_00097/A
-     CLKBUFX12  rise   0.003   0.193   0.144  -      (277.385,309.865)  100.340   -       
CTS_ccl_a_buf_00097/Y
-     CLKBUFX12  rise   0.245   0.438   0.178  0.244  (273.615,309.865)    3.770     95    
ROW_GEN[2].COL_GEN[3].pe_inst_result_reg[4]/CK
-     SDFFQX1    rise   0.001   0.439   0.178  -      (266.945,309.865)    6.670   -       
-------------------------------------------------------------------------------------------------

Timing for timing corner max:setup.early, max clock_path:
=========================================================

PathID    : 2
Path type : skew group sys_clk/constraints (path 1 of 1)
Start     : clk
End       : ROW_GEN[3].COL_GEN[6].pe_inst_outp_east_reg[0]/CK
Delay     : 0.460

-------------------------------------------------------------------------------------------------
Name  Lib cell   Event  Incr   Arrival  Slew   Cap    Location           Distance  Fanout  Status
                        (ns)   (ns)     (ns)   (pF)                      (um)              
-- Clockpath trace ------------------------------------------------------------------------------
clk
-     -          rise   -       0.000   0.003  0.053  (0.000,232.725)    -            2    
CTS_ccl_a_buf_00104/A
-     CLKBUFX16  rise   0.000   0.000   0.003  -      (48.285,233.885)    49.445   -       
CTS_ccl_a_buf_00104/Y
-     CLKBUFX16  rise   0.198   0.199   0.154  0.256  (54.375,233.595)     6.380     18    
CTS_ccl_a_buf_00093/A
-     CLKBUFX12  rise   0.003   0.202   0.154  -      (98.165,431.955)   242.150   -       
CTS_ccl_a_buf_00093/Y
-     CLKBUFX12  rise   0.248   0.450   0.184  0.251  (101.935,431.955)    3.770     95    
ROW_GEN[3].COL_GEN[6].pe_inst_outp_east_reg[0]/CK
-     SDFFQX1    rise   0.010   0.460   0.185  -      (253.605,456.025)  175.740   -       
-------------------------------------------------------------------------------------------------

Timing for timing corner max:setup.late, min clock_path:
========================================================

PathID    : 3
Path type : skew group sys_clk/constraints (path 1 of 1)
Start     : clk
End       : ROW_GEN[2].COL_GEN[3].pe_inst_result_reg[4]/CK
Delay     : 0.446

-------------------------------------------------------------------------------------------------
Name  Lib cell   Event  Incr   Arrival  Slew   Cap    Location           Distance  Fanout  Status
                        (ns)   (ns)     (ns)   (pF)                      (um)              
-- Clockpath trace ------------------------------------------------------------------------------
clk
-     -          rise   -       0.000   0.003  0.053  (0.000,232.725)    -            2    
CTS_ccl_a_buf_00106/A
-     CLKBUFX16  rise   0.001   0.001   0.003  -      (247.225,233.885)  248.385   -       
CTS_ccl_a_buf_00106/Y
-     CLKBUFX16  rise   0.190   0.191   0.144  0.233  (253.315,233.595)    6.380     15    
CTS_ccl_a_buf_00097/A
-     CLKBUFX12  rise   0.003   0.193   0.144  -      (277.385,309.865)  100.340   -       
CTS_ccl_a_buf_00097/Y
-     CLKBUFX12  rise   0.252   0.445   0.187  0.244  (273.615,309.865)    3.770     95    
ROW_GEN[2].COL_GEN[3].pe_inst_result_reg[4]/CK
-     SDFFQX1    rise   0.001   0.446   0.187  -      (266.945,309.865)    6.670   -       
-------------------------------------------------------------------------------------------------

Timing for timing corner max:setup.late, max clock_path:
========================================================

PathID    : 4
Path type : skew group sys_clk/constraints (path 1 of 1)
Start     : clk
End       : ROW_GEN[3].COL_GEN[6].pe_inst_outp_east_reg[0]/CK
Delay     : 0.468

-------------------------------------------------------------------------------------------------
Name  Lib cell   Event  Incr   Arrival  Slew   Cap    Location           Distance  Fanout  Status
                        (ns)   (ns)     (ns)   (pF)                      (um)              
-- Clockpath trace ------------------------------------------------------------------------------
clk
-     -          rise   -       0.000   0.003  0.053  (0.000,232.725)    -            2    
CTS_ccl_a_buf_00104/A
-     CLKBUFX16  rise   0.000   0.000   0.003  -      (48.285,233.885)    49.445   -       
CTS_ccl_a_buf_00104/Y
-     CLKBUFX16  rise   0.198   0.199   0.154  0.256  (54.375,233.595)     6.380     18    
CTS_ccl_a_buf_00093/A
-     CLKBUFX12  rise   0.003   0.202   0.154  -      (98.165,431.955)   242.150   -       
CTS_ccl_a_buf_00093/Y
-     CLKBUFX12  rise   0.255   0.457   0.194  0.251  (101.935,431.955)    3.770     95    
ROW_GEN[3].COL_GEN[6].pe_inst_outp_east_reg[0]/CK
-     SDFFQX1    rise   0.011   0.468   0.194  -      (253.605,456.025)  175.740   -       
-------------------------------------------------------------------------------------------------

Timing for timing corner min:hold.early, min clock_path:
========================================================

PathID    : 5
Path type : skew group sys_clk/constraints (path 1 of 1)
Start     : clk
End       : ROW_GEN[4].COL_GEN[1].pe_inst_outp_east_reg[3]/CK
Delay     : 0.139

-------------------------------------------------------------------------------------------------
Name  Lib cell   Event  Incr   Arrival  Slew   Cap    Location           Distance  Fanout  Status
                        (ns)   (ns)     (ns)   (pF)                      (um)              
-- Clockpath trace ------------------------------------------------------------------------------
clk
-     -          rise   -       0.000   0.003  0.055  (0.000,232.725)    -            2    
CTS_ccl_a_buf_00106/A
-     CLKBUFX16  rise   0.001   0.001   0.003  -      (247.225,233.885)  248.385   -       
CTS_ccl_a_buf_00106/Y
-     CLKBUFX16  rise   0.063   0.064   0.050  0.241  (253.315,233.595)    6.380     15    
CTS_ccl_a_buf_00057/A
-     CLKBUFX12  rise   0.005   0.069   0.050  -      (343.505,186.615)  137.170   -       
CTS_ccl_a_buf_00057/Y
-     CLKBUFX12  rise   0.069   0.138   0.063  0.254  (347.275,186.615)    3.770     96    
ROW_GEN[4].COL_GEN[1].pe_inst_outp_east_reg[3]/CK
-     SDFFQX1    rise   0.001   0.139   0.063  -      (341.765,184.585)    7.540   -       
-------------------------------------------------------------------------------------------------

Timing for timing corner min:hold.early, max clock_path:
========================================================

PathID    : 6
Path type : skew group sys_clk/constraints (path 1 of 1)
Start     : clk
End       : ROW_GEN[6].COL_GEN[3].pe_inst_result_reg[0]/CK
Delay     : 0.151

-------------------------------------------------------------------------------------------------
Name  Lib cell   Event  Incr   Arrival  Slew   Cap    Location           Distance  Fanout  Status
                        (ns)   (ns)     (ns)   (pF)                      (um)              
-- Clockpath trace ------------------------------------------------------------------------------
clk
-     -          rise   -       0.000   0.003  0.055  (0.000,232.725)    -            2    
CTS_ccl_a_buf_00106/A
-     CLKBUFX16  rise   0.001   0.001   0.003  -      (247.225,233.885)  248.385   -       
CTS_ccl_a_buf_00106/Y
-     CLKBUFX16  rise   0.063   0.064   0.050  0.241  (253.315,233.595)    6.380     15    
CTS_ccl_a_buf_00047/A
-     CLKBUFX12  rise   0.006   0.070   0.050  -      (391.065,223.155)  148.190   -       
CTS_ccl_a_buf_00047/Y
-     CLKBUFX12  rise   0.072   0.142   0.063  0.262  (394.835,223.155)    3.770     98    
ROW_GEN[6].COL_GEN[3].pe_inst_result_reg[0]/CK
-     SDFFQX1    rise   0.008   0.151   0.064  -      (502.425,205.465)  125.280   -       
-------------------------------------------------------------------------------------------------

Timing for timing corner min:hold.late, min clock_path:
=======================================================

PathID    : 7
Path type : skew group sys_clk/constraints (path 1 of 1)
Start     : clk
End       : ROW_GEN[4].COL_GEN[1].pe_inst_outp_east_reg[3]/CK
Delay     : 0.141

-------------------------------------------------------------------------------------------------
Name  Lib cell   Event  Incr   Arrival  Slew   Cap    Location           Distance  Fanout  Status
                        (ns)   (ns)     (ns)   (pF)                      (um)              
-- Clockpath trace ------------------------------------------------------------------------------
clk
-     -          rise   -       0.000   0.003  0.055  (0.000,232.725)    -            2    
CTS_ccl_a_buf_00106/A
-     CLKBUFX16  rise   0.001   0.001   0.003  -      (247.225,233.885)  248.385   -       
CTS_ccl_a_buf_00106/Y
-     CLKBUFX16  rise   0.063   0.064   0.050  0.241  (253.315,233.595)    6.380     15    
CTS_ccl_a_buf_00057/A
-     CLKBUFX12  rise   0.005   0.069   0.050  -      (343.505,186.615)  137.170   -       
CTS_ccl_a_buf_00057/Y
-     CLKBUFX12  rise   0.071   0.140   0.066  0.254  (347.275,186.615)    3.770     96    
ROW_GEN[4].COL_GEN[1].pe_inst_outp_east_reg[3]/CK
-     SDFFQX1    rise   0.001   0.141   0.067  -      (341.765,184.585)    7.540   -       
-------------------------------------------------------------------------------------------------

Timing for timing corner min:hold.late, max clock_path:
=======================================================

PathID    : 8
Path type : skew group sys_clk/constraints (path 1 of 1)
Start     : clk
End       : ROW_GEN[6].COL_GEN[3].pe_inst_result_reg[0]/CK
Delay     : 0.153

-------------------------------------------------------------------------------------------------
Name  Lib cell   Event  Incr   Arrival  Slew   Cap    Location           Distance  Fanout  Status
                        (ns)   (ns)     (ns)   (pF)                      (um)              
-- Clockpath trace ------------------------------------------------------------------------------
clk
-     -          rise   -       0.000   0.003  0.055  (0.000,232.725)    -            2    
CTS_ccl_a_buf_00106/A
-     CLKBUFX16  rise   0.001   0.001   0.003  -      (247.225,233.885)  248.385   -       
CTS_ccl_a_buf_00106/Y
-     CLKBUFX16  rise   0.063   0.064   0.050  0.241  (253.315,233.595)    6.380     15    
CTS_ccl_a_buf_00047/A
-     CLKBUFX12  rise   0.006   0.070   0.050  -      (391.065,223.155)  148.190   -       
CTS_ccl_a_buf_00047/Y
-     CLKBUFX12  rise   0.074   0.145   0.067  0.262  (394.835,223.155)    3.770     98    
ROW_GEN[6].COL_GEN[3].pe_inst_result_reg[0]/CK
-     SDFFQX1    rise   0.009   0.153   0.068  -      (502.425,205.465)  125.280   -       
-------------------------------------------------------------------------------------------------


