============================================================
  Generated by:           Genus(TM) Synthesis Solution 20.11-s111_1
  Generated on:           Apr 11 2026  12:39:50 am
  Module:                 systolic_array_top
  Technology library:     fast 
  Operating conditions:   fast (balanced_tree)
  Wireload mode:          enclosed
  Area mode:              timing library
============================================================


 Clock Description
 ----------------- 

  Clock                              Clock    Source     No of   
  Name     Period   Rise    Fall     Domain  Pin/Port  Registers 
-----------------------------------------------------------------
 sys_clk   10000.0   0.0   5000.0   domain_1   clk          3375 

 Clock Network Latency / Setup Uncertainty
 ----------------------------------------- 

          Network   Network   Source   Source     Setup        Setup    
 Clock    Latency   Latency  Latency  Latency  Uncertainty  Uncertainty 
  Name     Rise      Fall      Rise     Fall       Rise         Fall    
------------------------------------------------------------------------
sys_clk       0.0       0.0      0.0      0.0        100.0        100.0 

 Clock Relationship (with uncertainty & latency)
 ----------------------------------------------- 

    From       To      R->R     R->F     F->R     F->F  
--------------------------------------------------------
  sys_clk   sys_clk   9900.0   4900.0   4900.0   9900.0 
