
Design Name
===========
    systolic_array_top

Scan Style
==========
    muxed_scan
Design has a valid DFT rule check status

Global Constraints
==================
    Minimum number of scan chains: no_value
    Maximum length of scan chains: no_value
    Lock-up element type: preferred_level_sensitive
    Mix clock edges in scan chain: false
    Prefix for unnamed scan objects: DFT_

Test signal objects
===================
    shift_enable: 
          object name: scan_en 
          pin name: scan_en 
          hookup_pin: scan_en 
          hookup_polarity: non_inverted 
          function: shift_enable 
          active: high 
          ideal: false 
          user defined: true


Test clock objects
==================
    test_clock:
          object name: clk 
          test_clock_domain: clk 
          user defined: false 
          source: clk  
          root source: clk  
          root source polarity: non_inverting
          hookup_pin: clk 
          period: 50000.0


DFT controllable objects
========================

DFT don't scan objects
======================

DFT abstract don't scan objects
===============================

DFT scan segment constraints
============================

DFT scan chain constraints
==========================
    User Chain: 
          object name: systolic_scan_chain 
          scan-in: scan_in 
          scan-in hookup_pin: scan_in
          scan-out: scan_out 
          scan-out hookup_pin: scan_out
          shared out: false 
          shift_enable object name: none
          max length: no_value
          complete: false


DFT actual scan chains
======================
    Actual Chain:
          object name: systolic_scan_chain 
          scan-in: scan_in 
          scan-in hookup_pin: scan_in 
          scan-out: scan_out 
          scan-out hookup_pin: scan_out 
          shared out: false
          shift_enable: scan_en 
          length: 3241
          segment objects: none
          analyzed: false
          test_clock domain: clk
          test_clock edge: rise

