============================================================
  Generated by:           Genus(TM) Synthesis Solution 20.11-s111_1
  Generated on:           Apr 11 2026  12:42:38 am
  Module:                 systolic_array_top
  Operating conditions:   fast (balanced_tree)
  Wireload mode:          enclosed
  Area mode:              timing library
============================================================


Path 1: MET (7393 ps) Setup Check with Pin ROW_GEN[6].fifo_b_mem_reg[5][7]/CK->S0
          Group: sys_clk
     Startpoint: (F) rst
          Clock: (R) sys_clk
       Endpoint: (R) ROW_GEN[6].fifo_b_mem_reg[5][7]/S0
          Clock: (R) sys_clk

                     Capture       Launch     
        Clock Edge:+   10000            0     
        Drv Adjust:+       0            0     
       Src Latency:+       0            0     
       Net Latency:+       0 (I)        0 (I) 
           Arrival:=   10000            0     
                                              
             Setup:-     140                  
       Uncertainty:-     100                  
     Required Time:=    9760                  
      Launch Clock:-       0                  
       Input Delay:-    2000                  
         Data Path:-     367                  
             Slack:=    7393                  

Exceptions/Constraints:
  input_delay             2000            input_constraints.sd_line_4 

#-------------------------------------------------------------------------------------------------------------
#           Timing Point             Flags   Arc   Edge   Cell     Fanout  Load  Trans Delay Arrival Instance 
#                                                                          (fF)   (ps)  (ps)   (ps)  Location 
#-------------------------------------------------------------------------------------------------------------
  rst                                -       -     F     (arrival)   2122 3830.7     0     0    2000    (-,-) 
  g37685/Y                           -       B->Y  R     NOR2XL         2    3.4    44    28    2028    (-,-) 
  g37581/Y                           -       A->Y  F     NAND2XL        3    6.7    42    36    2064    (-,-) 
  g37341/Y                           -       AN->Y F     NAND2BX1       2    3.6    25    42    2107    (-,-) 
  g37116/Y                           -       B->Y  R     NOR2XL         8   40.8   358   260    2367    (-,-) 
  ROW_GEN[6].fifo_b_mem_reg[5][7]/S0 <<<     -     R     SMDFFHQX1      8      -     -     0    2367    (-,-) 
#-------------------------------------------------------------------------------------------------------------

