============================================================
  Generated by:           Genus(TM) Synthesis Solution 20.11-s111_1
  Generated on:           Apr 25 2026  09:37:04 pm
  Module:                 systolic_array_top
  Operating conditions:   fast (balanced_tree)
  Wireload mode:          enclosed
  Area mode:              timing library
============================================================


Path 1: MET (5907 ps) Setup Check with Pin ctrl_count_reg[5]/CK->D
          Group: sys_clk
     Startpoint: (R) rst
          Clock: (R) sys_clk
       Endpoint: (F) ctrl_count_reg[5]/D
          Clock: (R) sys_clk

                     Capture       Launch     
        Clock Edge:+   10000            0     
        Drv Adjust:+       0          796     
       Src Latency:+       0            0     
       Net Latency:+       0 (I)        0 (I) 
           Arrival:=   10000          796     
                                              
             Setup:-     100                  
       Uncertainty:-     100                  
     Required Time:=    9800                  
      Launch Clock:-     796                  
       Input Delay:-    2000                  
         Data Path:-    1098                  
             Slack:=    5907                  

Exceptions/Constraints:
  input_delay             2000            input_constraints.sd_line_4 

#---------------------------------------------------------------------------------------------
#    Timing Point     Flags   Arc   Edge   Cell     Fanout  Load Trans Delay Arrival Instance 
#                                                           (fF)  (ps)  (ps)   (ps)  Location 
#---------------------------------------------------------------------------------------------
  rst                 -       -     R     (arrival)    444 805.7  1093     0    2796    (-,-) 
  hi_fo_buf40449/Y    -       A->Y  F     CLKINVX3      28  66.6   297    16    2812    (-,-) 
  hi_fo_buf40399/Y    -       A->Y  R     INVX1        241 437.4  1058   973    3785    (-,-) 
  g38985/Y            -       B->Y  F     NOR2XL         2   3.5   233  -120    3664    (-,-) 
  g37900/Y            -       A->Y  R     NAND2XL        7  13.5   114   118    3783    (-,-) 
  g40309/Y            -       AN->Y R     NAND2BX1       2   4.7    24    37    3819    (-,-) 
  g37493/Y            -       C0->Y F     OAI211X1       2   4.8    51    30    3849    (-,-) 
  g36980/Y            -       B1->Y R     AOI32X1        1   1.7    31    34    3883    (-,-) 
  g36950/Y            -       A->Y  F     INVXL          1   1.7    14    10    3893    (-,-) 
  ctrl_count_reg[5]/D <<<     -     F     DFFQX1         1     -     -     0    3893    (-,-) 
#---------------------------------------------------------------------------------------------

