============================================================
  Generated by:           Genus(TM) Synthesis Solution 20.11-s111_1
  Generated on:           Apr 25 2026  09:37:05 pm
  Module:                 systolic_array_top
  Operating conditions:   fast (balanced_tree)
  Wireload mode:          enclosed
  Area mode:              timing library
============================================================

                                 
   Gate    Instances     Area    Library 
-----------------------------------------
ADDFX1           925   18203.444    fast 
ADDFXL          2998   58998.838    fast 
AND2X1          2541   11539.697    fast 
AND3X1            14      84.773    fast 
AOI211X1          53     280.810    fast 
AOI21X1          546    2479.604    fast 
AOI21XL           24     108.994    fast 
AOI221X1         129     976.401    fast 
AOI222XL         128    1065.715    fast 
AOI22X1          125     756.900    fast 
AOI22XL          142     859.838    fast 
AOI32X1            1       6.812    fast 
CLKINVX1         182     413.267    fast 
CLKINVX2           4      15.138    fast 
CLKINVX3           1       4.541    fast 
DFFQX1          2216   35223.098    fast 
INVX1            133     302.003    fast 
INVXL             27      61.309    fast 
MX2X1             11      74.933    fast 
MX3XL             37     476.090    fast 
MXI2XL           155     938.556    fast 
NAND2BX1         198     899.197    fast 
NAND2XL         2294    6945.314    fast 
NAND3BX1           1       6.055    fast 
NAND3X1            3      13.624    fast 
NOR2BX1           72     326.981    fast 
NOR2BXL         1749    7942.909    fast 
NOR2XL          1116    3378.802    fast 
NOR3X1            46     208.904    fast 
OAI211X1           3      15.895    fast 
OAI211XL          16      84.773    fast 
OAI21X1          196     890.114    fast 
OAI21XL            7      31.790    fast 
OAI22X1            9      54.497    fast 
OAI22XL            3      18.166    fast 
OAI2BB1XL          1       5.298    fast 
OAI31X1            1       6.055    fast 
OAI31XL            1       6.055    fast 
OAI32X1           16     108.994    fast 
OR2X1             15      68.121    fast 
SDFFQX1         1025   20947.208    fast 
XNOR2XL           25     208.148    fast 
XOR2XL             4      33.304    fast 
-----------------------------------------
total          17193  175070.966         


                                           
     Type      Instances    Area    Area % 
-------------------------------------------
sequential          3241  56170.306   32.1 
inverter             347    796.259    0.5 
logic              13605 118104.401   67.5 
physical_cells         0      0.000    0.0 
-------------------------------------------
total              17193 175070.966  100.0 

