###############################################################
#  Generated by:      Cadence Innovus 20.14-s095_1
#  OS:                Linux x86_64(Host ID lenovo-56.pilani.bits-pilani.ac.in)
#  Generated on:      Sat Apr 11 13:24:34 2026
#  Design:            systolic_array_top
#  Command:           verifyConnectivity -type all -report timingReports/connectivity.rpt
###############################################################
Verify Connectivity Report is created on Sat Apr 11 13:24:34 2026



Net VDD: has special routes with opens at (8.120, 492.310) (503.150, 493.760)
Net VDD: has special routes with opens at (8.120, 487.090) (503.150, 489.630)
Net VDD: has special routes with opens at (8.120, 482.000) (503.150, 484.280)
Net VDD: has special routes with opens at (8.120, 476.780) (503.150, 479.060)
Net VDD: has special routes with opens at (8.120, 471.560) (503.150, 473.970)
Net VDD: has special routes with opens at (8.120, 465.870) (503.150, 468.620)
Net VDD: has special routes with opens at (8.120, 461.120) (503.150, 463.400)
Net VDD: has special routes with opens at (8.120, 455.770) (503.150, 458.180)
Net VDD: has special routes with opens at (8.120, 450.680) (503.150, 452.960)
Net VDD: has special routes with opens at (8.120, 445.330) (503.150, 447.870)
Net VDD: has special routes with opens at (8.120, 439.770) (503.150, 442.650)
Net VDD: has special routes with opens at (8.120, 434.890) (503.150, 437.300)
Net VDD: has special routes with opens at (8.120, 429.670) (503.150, 432.120)
Net VDD: has special routes with opens at (8.120, 424.450) (503.150, 426.860)
Net VDD: has special routes with opens at (8.120, 419.230) (503.150, 421.640)
Net VDD: has special routes with opens at (8.120, 414.010) (503.150, 416.550)
Net VDD: has special routes with opens at (8.120, 408.790) (503.150, 411.330)
Net VDD: has special routes with opens at (8.120, 403.570) (503.150, 405.980)
Net VDD: has special routes with opens at (8.120, 398.370) (503.150, 400.865)
Net VDD: has special routes with opens at (8.120, 393.130) (503.150, 395.540)
Net VDD: has special routes with opens at (8.120, 387.910) (503.150, 390.450)
Net VDD: has special routes with opens at (8.120, 382.690) (503.150, 385.100)
Net VDD: has special routes with opens at (8.120, 377.470) (503.150, 380.010)
Net VDD: has special routes with opens at (8.120, 372.250) (503.150, 374.660)
Net VDD: has special routes with opens at (8.120, 367.050) (503.150, 369.440)
Net VDD: has special routes with opens at (8.120, 361.940) (503.150, 364.350)
Net VDD: has special routes with opens at (8.120, 356.720) (503.150, 359.000)
Net VDD: has special routes with opens at (8.120, 351.390) (503.150, 353.820)
Net VDD: has special routes with opens at (8.120, 346.170) (503.150, 348.560)
Net VDD: has special routes with opens at (8.120, 340.930) (503.150, 343.470)
Net VDD: has special routes with opens at (8.120, 335.710) (503.150, 338.250)
Net VDD: has special routes with opens at (8.120, 329.930) (503.150, 333.030)
Net VDD: has special routes with opens at (8.120, 325.270) (503.150, 327.810)
Net VDD: has special routes with opens at (8.120, 320.180) (503.150, 322.460)
Net VDD: has special routes with opens at (8.120, 314.830) (503.150, 317.370)
Net VDD: has special routes with opens at (8.120, 309.610) (503.150, 312.150)
Net VDD: has special routes with opens at (8.120, 303.830) (503.150, 306.840)
Net VDD: has special routes with opens at (8.120, 299.170) (503.150, 301.710)
Net VDD: has special routes with opens at (8.120, 294.080) (503.150, 296.465)
Net VDD: has special routes with opens at (8.120, 288.730) (503.150, 291.270)
Net VDD: has special routes with opens at (8.120, 283.510) (503.150, 285.940)
Net VDD: has special routes with opens at (8.120, 278.290) (503.150, 280.830)
Net VDD: has special routes with opens at (8.120, 273.180) (503.150, 275.610)
Net VDD: has special routes with opens at (8.120, 267.850) (503.150, 270.390)
Net VDD: has special routes with opens at (8.120, 262.630) (503.150, 265.170)
Net VDD: has special routes with opens at (8.120, 257.410) (503.150, 259.950)
Net VDD: has special routes with opens at (8.120, 251.630) (503.150, 254.730)
Net VDD: has special routes with opens at (8.120, 246.970) (503.150, 249.510)
Net VDD: has special routes with opens at (8.120, 241.750) (503.150, 244.290)
Net VDD: has special routes with opens at (8.120, 236.530) (503.150, 239.070)
Net VDD: has special routes with opens at (8.120, 231.330) (503.150, 234.410)
Net VDD: has special routes with opens at (8.120, 226.090) (503.150, 228.630)
Net VDD: has special routes with opens at (8.120, 221.000) (503.150, 223.410)
Net VDD: has special routes with opens at (8.120, 215.650) (503.150, 218.060)
Net VDD: has special routes with opens at (8.120, 209.850) (503.150, 212.970)
Net VDD: has special routes with opens at (8.120, 205.340) (503.150, 207.750)
Net VDD: has special routes with opens at (8.120, 199.990) (503.150, 202.530)
Net VDD: has special routes with opens at (8.120, 194.770) (503.150, 197.870)
Net VDD: has special routes with opens at (8.120, 189.550) (503.150, 192.430)
Net VDD: has special routes with opens at (8.120, 184.330) (503.150, 186.870)
Net VDD: has special routes with opens at (8.120, 179.240) (503.150, 182.210)
Net VDD: has special routes with opens at (8.120, 173.890) (503.150, 176.430)
Net VDD: has special routes with opens at (8.120, 168.800) (503.150, 171.120)
Net VDD: has special routes with opens at (8.120, 163.450) (503.150, 166.570)
Net VDD: has special routes with opens at (8.120, 158.230) (503.150, 160.745)
Net VDD: has special routes with opens at (8.120, 152.430) (503.150, 155.420)
Net VDD: has special routes with opens at (8.120, 147.810) (503.150, 150.330)
Net VDD: has special routes with opens at (8.120, 142.570) (503.150, 144.980)
Net VDD: has special routes with opens at (8.120, 136.770) (503.150, 139.890)
Net VDD: has special routes with opens at (8.120, 132.130) (503.150, 134.670)
Net VDD: has special routes with opens at (8.120, 126.910) (503.150, 129.450)
Net VDD: has special routes with opens at (8.120, 121.350) (503.150, 124.230)
Net VDD: has special routes with opens at (8.120, 116.470) (503.150, 119.010)
Net VDD: has special routes with opens at (8.120, 110.670) (503.150, 114.350)
Net VDD: has special routes with opens at (8.120, 105.450) (503.150, 109.130)
Net VDD: has special routes with opens at (8.120, 100.810) (503.150, 103.350)
Net VDD: has special routes with opens at (8.120, 95.590) (503.150, 98.130)
Net VDD: has special routes with opens at (8.120, 90.370) (503.150, 92.910)
Net VDD: has special routes with opens at (8.120, 85.150) (503.150, 88.270)
Net VDD: has special routes with opens at (8.120, 79.930) (503.150, 82.470)
Net VDD: has special routes with opens at (8.120, 74.800) (503.150, 77.250)
Net VDD: has special routes with opens at (8.120, 69.490) (503.150, 72.030)
Net VDD: has special routes with opens at (8.120, 64.270) (503.150, 66.810)
Net VDD: has special routes with opens at (8.120, 59.050) (503.150, 61.590)
Net VDD: has special routes with opens at (8.120, 53.830) (503.150, 56.370)
Net VDD: has special routes with opens at (8.120, 48.610) (503.150, 51.150)
Net VDD: has special routes with opens at (8.120, 43.390) (503.150, 46.490)
Net VDD: has special routes with opens at (8.120, 38.170) (503.150, 41.050)
Net VDD: has special routes with opens at (8.120, 32.950) (503.150, 35.490)
Net VDD: has special routes with opens at (8.120, 27.730) (503.150, 30.270)
Net VDD: has special routes with opens at (8.120, 22.510) (503.150, 25.610)
Net VDD: has special routes with opens at (8.120, 16.730) (503.150, 20.390)
Net VDD: has special routes with opens at (8.120, 12.070) (503.150, 14.610)
Net VDD: has special routes with opens at (8.120, 7.940) (503.150, 9.390)
Net VDD: has special routes with opens at (4.520, 4.520) (506.750, 497.180)
Net VDD: dangling Wire at (8.120, 493.580) (8.120, 493.580) on layer: Metal1
Net VDD: dangling Wire at (8.120, 488.360) (8.120, 488.360) on layer: Metal1
Net VDD: dangling Wire at (503.150, 488.360) (503.150, 488.360) on layer: Metal1
Net VDD: dangling Wire at (8.120, 483.140) (8.120, 483.140) on layer: Metal1
Net VDD: dangling Wire at (8.120, 477.920) (8.120, 477.920) on layer: Metal1
Net VDD: dangling Wire at (503.150, 457.040) (503.150, 457.040) on layer: Metal1
Net VDD: dangling Wire at (503.150, 451.820) (503.150, 451.820) on layer: Metal1
Net VDD: dangling Wire at (8.120, 441.380) (8.120, 441.380) on layer: Metal1
Net VDD: dangling Wire at (8.120, 436.160) (8.120, 436.160) on layer: Metal1
Net VDD: dangling Wire at (503.150, 436.160) (503.150, 436.160) on layer: Metal1
Net VDD: dangling Wire at (8.120, 430.940) (8.120, 430.940) on layer: Metal1
Net VDD: dangling Wire at (503.150, 425.720) (503.150, 425.720) on layer: Metal1
Net VDD: dangling Wire at (503.150, 420.500) (503.150, 420.500) on layer: Metal1
Net VDD: dangling Wire at (8.120, 415.280) (8.120, 415.280) on layer: Metal1
Net VDD: dangling Wire at (8.120, 410.060) (8.120, 410.060) on layer: Metal1
Net VDD: dangling Wire at (503.150, 404.840) (503.150, 404.840) on layer: Metal1
Net VDD: dangling Wire at (8.120, 383.960) (8.120, 383.960) on layer: Metal1
Net VDD: dangling Wire at (8.120, 378.740) (8.120, 378.740) on layer: Metal1
Net VDD: dangling Wire at (503.150, 378.740) (503.150, 378.740) on layer: Metal1
Net VDD: dangling Wire at (503.150, 373.520) (503.150, 373.520) on layer: Metal1
Net VDD: dangling Wire at (8.120, 357.860) (8.120, 357.860) on layer: Metal1
Net VDD: dangling Wire at (8.120, 352.640) (8.120, 352.640) on layer: Metal1
Net VDD: dangling Wire at (8.120, 347.420) (8.120, 347.420) on layer: Metal1
Net VDD: dangling Wire at (8.120, 342.200) (8.120, 342.200) on layer: Metal1
Net VDD: dangling Wire at (503.150, 342.200) (503.150, 342.200) on layer: Metal1
Net VDD: dangling Wire at (8.120, 331.760) (8.120, 331.760) on layer: Metal1
Net VDD: dangling Wire at (8.120, 326.540) (8.120, 326.540) on layer: Metal1
Net VDD: dangling Wire at (8.120, 316.100) (8.120, 316.100) on layer: Metal1
Net VDD: dangling Wire at (8.120, 310.880) (8.120, 310.880) on layer: Metal1
Net VDD: dangling Wire at (8.120, 300.440) (8.120, 300.440) on layer: Metal1
Net VDD: dangling Wire at (8.120, 295.220) (8.120, 295.220) on layer: Metal1
Net VDD: dangling Wire at (8.120, 290.000) (8.120, 290.000) on layer: Metal1
Net VDD: dangling Wire at (8.120, 274.340) (8.120, 274.340) on layer: Metal1
Net VDD: dangling Wire at (8.120, 258.680) (8.120, 258.680) on layer: Metal1
Net VDD: dangling Wire at (8.120, 253.460) (8.120, 253.460) on layer: Metal1
Net VDD: dangling Wire at (8.120, 243.020) (8.120, 243.020) on layer: Metal1
Net VDD: dangling Wire at (8.120, 237.800) (8.120, 237.800) on layer: Metal1
Net VDD: dangling Wire at (503.150, 232.580) (503.150, 232.580) on layer: Metal1
Net VDD: dangling Wire at (8.120, 227.360) (8.120, 227.360) on layer: Metal1
Net VDD: dangling Wire at (8.120, 222.140) (8.120, 222.140) on layer: Metal1
Net VDD: dangling Wire at (503.150, 222.140) (503.150, 222.140) on layer: Metal1
Net VDD: dangling Wire at (8.120, 216.920) (8.120, 216.920) on layer: Metal1
Net VDD: dangling Wire at (8.120, 206.480) (8.120, 206.480) on layer: Metal1
Net VDD: dangling Wire at (503.150, 196.040) (503.150, 196.040) on layer: Metal1
Net VDD: dangling Wire at (8.120, 190.820) (8.120, 190.820) on layer: Metal1
Net VDD: dangling Wire at (8.120, 180.380) (8.120, 180.380) on layer: Metal1
Net VDD: dangling Wire at (8.120, 169.940) (8.120, 169.940) on layer: Metal1
Net VDD: dangling Wire at (503.150, 164.720) (503.150, 164.720) on layer: Metal1
Net VDD: dangling Wire at (8.120, 159.500) (8.120, 159.500) on layer: Metal1
Net VDD: dangling Wire at (8.120, 149.060) (8.120, 149.060) on layer: Metal1
Net VDD: dangling Wire at (503.150, 143.840) (503.150, 143.840) on layer: Metal1
Net VDD: dangling Wire at (8.120, 122.960) (8.120, 122.960) on layer: Metal1
Net VDD: dangling Wire at (503.150, 117.740) (503.150, 117.740) on layer: Metal1
Net VDD: dangling Wire at (8.120, 112.520) (8.120, 112.520) on layer: Metal1
Net VDD: dangling Wire at (503.150, 112.520) (503.150, 112.520) on layer: Metal1
Net VDD: dangling Wire at (503.150, 102.080) (503.150, 102.080) on layer: Metal1
Net VDD: dangling Wire at (8.120, 96.860) (8.120, 96.860) on layer: Metal1
Net VDD: dangling Wire at (8.120, 91.640) (8.120, 91.640) on layer: Metal1
Net VDD: dangling Wire at (503.150, 86.420) (503.150, 86.420) on layer: Metal1
Net VDD: dangling Wire at (503.150, 81.200) (503.150, 81.200) on layer: Metal1
Net VDD: dangling Wire at (8.120, 75.980) (8.120, 75.980) on layer: Metal1
Net VDD: dangling Wire at (503.150, 70.760) (503.150, 70.760) on layer: Metal1
Net VDD: dangling Wire at (8.120, 65.540) (8.120, 65.540) on layer: Metal1
Net VDD: dangling Wire at (8.120, 49.880) (8.120, 49.880) on layer: Metal1
Net VDD: dangling Wire at (503.150, 49.880) (503.150, 49.880) on layer: Metal1
Net VDD: dangling Wire at (503.150, 44.660) (503.150, 44.660) on layer: Metal1
Net VDD: dangling Wire at (8.120, 34.220) (8.120, 34.220) on layer: Metal1
Net VDD: dangling Wire at (503.150, 34.220) (503.150, 34.220) on layer: Metal1
Net VDD: dangling Wire at (503.150, 29.000) (503.150, 29.000) on layer: Metal1
Net VDD: dangling Wire at (8.120, 23.780) (8.120, 23.780) on layer: Metal1
Net VDD: dangling Wire at (503.150, 23.780) (503.150, 23.780) on layer: Metal1
Net VDD: dangling Wire at (8.120, 18.560) (8.120, 18.560) on layer: Metal1
Net VDD: dangling Wire at (8.120, 13.340) (8.120, 13.340) on layer: Metal1
Net VDD: dangling Wire at (8.120, 8.120) (8.120, 8.120) on layer: Metal1
Net VDD: dangling Wire at (503.150, 8.120) (503.150, 8.120) on layer: Metal1
Net VSS: has special routes with opens at (8.120, 490.050) (503.150, 491.890)
Net VSS: has special routes with opens at (8.120, 484.830) (503.150, 486.670)
Net VSS: has special routes with opens at (8.120, 479.610) (503.150, 481.450)
Net VSS: has special routes with opens at (8.120, 474.390) (503.150, 476.230)
Net VSS: has special routes with opens at (8.120, 469.170) (503.150, 471.010)
Net VSS: has special routes with opens at (8.120, 463.950) (503.150, 466.310)
Net VSS: has special routes with opens at (8.120, 458.730) (503.150, 460.570)
Net VSS: has special routes with opens at (8.120, 453.510) (503.150, 455.350)
Net VSS: has special routes with opens at (8.120, 448.290) (503.150, 450.130)
Net VSS: has special routes with opens at (8.120, 443.070) (503.150, 444.910)
Net VSS: has special routes with opens at (8.120, 437.850) (503.150, 440.210)
Net VSS: has special routes with opens at (8.120, 432.630) (503.150, 434.470)
Net VSS: has special routes with opens at (8.120, 427.410) (503.150, 429.250)
Net VSS: has special routes with opens at (8.120, 422.190) (503.150, 424.030)
Net VSS: has special routes with opens at (8.120, 416.970) (503.150, 418.810)
Net VSS: has special routes with opens at (8.120, 411.750) (503.150, 413.590)
Net VSS: has special routes with opens at (8.120, 406.530) (503.150, 408.370)
Net VSS: has special routes with opens at (8.120, 401.310) (503.150, 403.150)
Net VSS: has special routes with opens at (8.120, 396.090) (503.150, 397.930)
Net VSS: has special routes with opens at (8.120, 390.870) (503.150, 392.710)
Net VSS: has special routes with opens at (8.120, 385.650) (503.150, 387.490)
Net VSS: has special routes with opens at (8.120, 380.430) (503.150, 382.270)
Net VSS: has special routes with opens at (8.120, 375.210) (503.150, 377.050)
Net VSS: has special routes with opens at (8.120, 369.990) (503.150, 371.830)
Net VSS: has special routes with opens at (8.120, 364.770) (503.150, 366.610)
Net VSS: has special routes with opens at (8.120, 359.550) (503.150, 361.390)
Net VSS: has special routes with opens at (8.120, 354.330) (503.150, 356.170)
Net VSS: has special routes with opens at (8.120, 349.110) (503.150, 350.950)
Net VSS: has special routes with opens at (8.120, 343.890) (503.150, 345.730)
Net VSS: has special routes with opens at (8.120, 338.670) (503.150, 340.510)
Net VSS: has special routes with opens at (8.120, 333.450) (503.150, 335.290)
Net VSS: has special routes with opens at (8.120, 328.230) (503.150, 330.870)
Net VSS: has special routes with opens at (8.120, 323.010) (503.150, 324.850)
Net VSS: has special routes with opens at (8.120, 317.790) (503.150, 319.630)
Net VSS: has special routes with opens at (8.120, 312.570) (503.150, 314.410)
Net VSS: has special routes with opens at (8.120, 307.350) (503.150, 309.190)
Net VSS: has special routes with opens at (8.120, 302.130) (503.150, 304.770)
Net VSS: has special routes with opens at (8.120, 296.910) (503.150, 298.750)
Net VSS: has special routes with opens at (8.120, 291.690) (503.150, 293.530)
Net VSS: has special routes with opens at (8.120, 286.470) (503.150, 288.310)
Net VSS: has special routes with opens at (8.120, 281.250) (503.150, 283.090)
Net VSS: has special routes with opens at (8.120, 276.030) (503.150, 277.870)
Net VSS: has special routes with opens at (8.120, 270.810) (503.150, 272.650)
Net VSS: has special routes with opens at (8.120, 265.590) (503.150, 267.430)
Net VSS: has special routes with opens at (8.120, 260.370) (503.150, 262.210)
Net VSS: has special routes with opens at (8.120, 255.150) (503.150, 256.990)
Net VSS: has special routes with opens at (8.120, 249.930) (503.150, 252.620)
Net VSS: has special routes with opens at (8.120, 244.710) (503.150, 246.550)
Net VSS: has special routes with opens at (8.120, 239.490) (503.150, 241.330)
Net VSS: has special routes with opens at (8.120, 233.470) (503.150, 236.110)
Net VSS: has special routes with opens at (8.120, 229.050) (503.150, 230.890)
Net VSS: has special routes with opens at (8.120, 223.830) (503.150, 225.670)
Net VSS: has special routes with opens at (8.120, 218.610) (503.150, 220.450)
Net VSS: has special routes with opens at (8.120, 213.390) (503.150, 215.230)
Net VSS: has special routes with opens at (8.120, 208.170) (503.150, 210.810)
Net VSS: has special routes with opens at (8.120, 202.950) (503.150, 204.790)
Net VSS: has special routes with opens at (8.120, 196.930) (503.150, 199.570)
Net VSS: has special routes with opens at (8.120, 191.660) (503.150, 194.350)
Net VSS: has special routes with opens at (8.120, 187.290) (503.150, 189.130)
Net VSS: has special routes with opens at (8.120, 181.270) (503.150, 183.910)
Net VSS: has special routes with opens at (8.120, 176.850) (503.150, 178.690)
Net VSS: has special routes with opens at (8.120, 171.630) (503.150, 173.470)
Net VSS: has special routes with opens at (8.120, 165.610) (503.150, 168.250)
Net VSS: has special routes with opens at (8.120, 161.190) (503.150, 163.030)
Net VSS: has special routes with opens at (8.120, 155.970) (503.150, 157.810)
Net VSS: has special routes with opens at (8.120, 150.750) (503.150, 153.390)
Net VSS: has special routes with opens at (8.120, 145.530) (503.150, 147.370)
Net VSS: has special routes with opens at (8.120, 140.310) (503.150, 142.150)
Net VSS: has special routes with opens at (8.120, 135.090) (503.150, 137.730)
Net VSS: has special routes with opens at (8.120, 129.870) (503.150, 131.710)
Net VSS: has special routes with opens at (8.120, 124.650) (503.150, 126.490)
Net VSS: has special routes with opens at (8.120, 119.430) (503.150, 122.120)
Net VSS: has special routes with opens at (8.120, 113.410) (503.150, 116.050)
Net VSS: has special routes with opens at (8.120, 108.190) (503.150, 111.630)
Net VSS: has special routes with opens at (8.120, 103.770) (503.150, 106.410)
Net VSS: has special routes with opens at (8.120, 98.550) (503.150, 100.390)
Net VSS: has special routes with opens at (8.120, 93.330) (503.150, 95.170)
Net VSS: has special routes with opens at (8.120, 87.310) (503.150, 89.950)
Net VSS: has special routes with opens at (8.120, 82.890) (503.150, 84.730)
Net VSS: has special routes with opens at (8.120, 77.670) (503.150, 79.510)
Net VSS: has special routes with opens at (8.120, 72.450) (503.150, 74.290)
Net VSS: has special routes with opens at (8.120, 67.230) (503.150, 69.070)
Net VSS: has special routes with opens at (8.120, 62.010) (503.150, 63.850)
Net VSS: has special routes with opens at (8.120, 56.790) (503.150, 58.630)
Net VSS: has special routes with opens at (8.120, 51.570) (503.150, 53.410)
Net VSS: has special routes with opens at (8.120, 45.550) (503.150, 48.190)
Net VSS: has special routes with opens at (8.120, 40.610) (503.150, 42.970)
Net VSS: has special routes with opens at (8.120, 35.910) (503.150, 37.750)
Net VSS: has special routes with opens at (8.120, 30.690) (503.150, 32.530)
Net VSS: has special routes with opens at (8.120, 24.670) (503.150, 27.310)
Net VSS: has special routes with opens at (8.120, 19.450) (503.150, 22.090)
Net VSS: has special routes with opens at (8.120, 15.030) (503.150, 17.670)
Net VSS: has special routes with opens at (8.120, 9.810) (503.150, 11.650)
Net VSS: has special routes with opens at (2.220, 2.220) (509.050, 499.480)
Net VSS: dangling Wire at (8.120, 490.970) (8.120, 490.970) on layer: Metal1
Net VSS: dangling Wire at (8.120, 485.750) (8.120, 485.750) on layer: Metal1
Net VSS: dangling Wire at (503.150, 485.750) (503.150, 485.750) on layer: Metal1
Net VSS: dangling Wire at (8.120, 480.530) (8.120, 480.530) on layer: Metal1
Net VSS: dangling Wire at (8.120, 475.310) (8.120, 475.310) on layer: Metal1
Net VSS: dangling Wire at (503.150, 475.310) (503.150, 475.310) on layer: Metal1
Net VSS: dangling Wire at (8.120, 454.430) (8.120, 454.430) on layer: Metal1
Net VSS: dangling Wire at (503.150, 454.430) (503.150, 454.430) on layer: Metal1
Net VSS: dangling Wire at (8.120, 443.990) (8.120, 443.990) on layer: Metal1
Net VSS: dangling Wire at (8.120, 438.770) (8.120, 438.770) on layer: Metal1
Net VSS: dangling Wire at (8.120, 433.550) (8.120, 433.550) on layer: Metal1
Net VSS: dangling Wire at (8.120, 428.330) (8.120, 428.330) on layer: Metal1
Net VSS: dangling Wire at (503.150, 423.110) (503.150, 423.110) on layer: Metal1
Net VSS: dangling Wire at (8.120, 417.890) (8.120, 417.890) on layer: Metal1
Net VSS: dangling Wire at (8.120, 412.670) (8.120, 412.670) on layer: Metal1
Net VSS: dangling Wire at (8.120, 402.230) (8.120, 402.230) on layer: Metal1
Net VSS: dangling Wire at (8.120, 381.350) (8.120, 381.350) on layer: Metal1
Net VSS: dangling Wire at (503.150, 381.350) (503.150, 381.350) on layer: Metal1
Net VSS: dangling Wire at (8.120, 376.130) (8.120, 376.130) on layer: Metal1
Net VSS: dangling Wire at (503.150, 376.130) (503.150, 376.130) on layer: Metal1
Net VSS: dangling Wire at (8.120, 365.690) (8.120, 365.690) on layer: Metal1
Net VSS: dangling Wire at (8.120, 355.250) (8.120, 355.250) on layer: Metal1
Net VSS: dangling Wire at (8.120, 350.030) (8.120, 350.030) on layer: Metal1
Net VSS: dangling Wire at (8.120, 344.810) (8.120, 344.810) on layer: Metal1
Net VSS: dangling Wire at (503.150, 344.810) (503.150, 344.810) on layer: Metal1
Net VSS: dangling Wire at (8.120, 329.150) (8.120, 329.150) on layer: Metal1
Net VSS: dangling Wire at (8.120, 318.710) (8.120, 318.710) on layer: Metal1
Net VSS: dangling Wire at (8.120, 313.490) (8.120, 313.490) on layer: Metal1
Net VSS: dangling Wire at (503.150, 313.490) (503.150, 313.490) on layer: Metal1
Net VSS: dangling Wire at (8.120, 308.270) (8.120, 308.270) on layer: Metal1
Net VSS: dangling Wire at (8.120, 297.830) (8.120, 297.830) on layer: Metal1
Net VSS: dangling Wire at (8.120, 292.610) (8.120, 292.610) on layer: Metal1
Net VSS: dangling Wire at (8.120, 266.510) (8.120, 266.510) on layer: Metal1
Net VSS: dangling Wire at (8.120, 256.070) (8.120, 256.070) on layer: Metal1
Net VSS: dangling Wire at (8.120, 250.850) (8.120, 250.850) on layer: Metal1
Net VSS: dangling Wire at (8.120, 240.410) (8.120, 240.410) on layer: Metal1
Net VSS: dangling Wire at (503.150, 229.970) (503.150, 229.970) on layer: Metal1
Net VSS: dangling Wire at (8.120, 224.750) (8.120, 224.750) on layer: Metal1
Net VSS: dangling Wire at (8.120, 219.530) (8.120, 219.530) on layer: Metal1
Net VSS: dangling Wire at (8.120, 214.310) (8.120, 214.310) on layer: Metal1
Net VSS: dangling Wire at (503.150, 198.650) (503.150, 198.650) on layer: Metal1
Net VSS: dangling Wire at (8.120, 193.430) (8.120, 193.430) on layer: Metal1
Net VSS: dangling Wire at (503.150, 193.430) (503.150, 193.430) on layer: Metal1
Net VSS: dangling Wire at (8.120, 188.210) (8.120, 188.210) on layer: Metal1
Net VSS: dangling Wire at (8.120, 172.550) (8.120, 172.550) on layer: Metal1
Net VSS: dangling Wire at (503.150, 167.330) (503.150, 167.330) on layer: Metal1
Net VSS: dangling Wire at (8.120, 162.110) (8.120, 162.110) on layer: Metal1
Net VSS: dangling Wire at (8.120, 156.890) (8.120, 156.890) on layer: Metal1
Net VSS: dangling Wire at (8.120, 146.450) (8.120, 146.450) on layer: Metal1
Net VSS: dangling Wire at (503.150, 146.450) (503.150, 146.450) on layer: Metal1
Net VSS: dangling Wire at (503.150, 120.350) (503.150, 120.350) on layer: Metal1
Net VSS: dangling Wire at (8.120, 115.130) (8.120, 115.130) on layer: Metal1
Net VSS: dangling Wire at (503.150, 115.130) (503.150, 115.130) on layer: Metal1
Net VSS: dangling Wire at (8.120, 109.910) (8.120, 109.910) on layer: Metal1
Net VSS: dangling Wire at (503.150, 104.690) (503.150, 104.690) on layer: Metal1
Net VSS: dangling Wire at (503.150, 99.470) (503.150, 99.470) on layer: Metal1
Net VSS: dangling Wire at (8.120, 94.250) (8.120, 94.250) on layer: Metal1
Net VSS: dangling Wire at (503.150, 89.030) (503.150, 89.030) on layer: Metal1
Net VSS: dangling Wire at (8.120, 83.810) (8.120, 83.810) on layer: Metal1
Net VSS: dangling Wire at (503.150, 83.810) (503.150, 83.810) on layer: Metal1
Net VSS: dangling Wire at (503.150, 78.590) (503.150, 78.590) on layer: Metal1
Net VSS: dangling Wire at (8.120, 68.150) (8.120, 68.150) on layer: Metal1
Net VSS: dangling Wire at (8.120, 62.930) (8.120, 62.930) on layer: Metal1
Net VSS: dangling Wire at (503.150, 47.270) (503.150, 47.270) on layer: Metal1
Net VSS: dangling Wire at (503.150, 36.830) (503.150, 36.830) on layer: Metal1
Net VSS: dangling Wire at (8.120, 31.610) (8.120, 31.610) on layer: Metal1
Net VSS: dangling Wire at (503.150, 31.610) (503.150, 31.610) on layer: Metal1
Net VSS: dangling Wire at (503.150, 26.390) (503.150, 26.390) on layer: Metal1
Net VSS: dangling Wire at (8.120, 21.170) (8.120, 21.170) on layer: Metal1
Net VSS: dangling Wire at (8.120, 15.950) (8.120, 15.950) on layer: Metal1
Net VSS: dangling Wire at (503.150, 15.950) (503.150, 15.950) on layer: Metal1
Net VSS: dangling Wire at (8.120, 10.730) (8.120, 10.730) on layer: Metal1

Begin Summary
    189 Problem(s) (IMPVFC-200): Special Wires: Pieces of the net are not connected together.
    147 Problem(s) (IMPVFC-94): The net has dangling wire(s).
    336 total info(s) created.
End Summary
