============================================================
  Generated by:           Genus(TM) Synthesis Solution 20.11-s111_1
  Generated on:           Apr 11 2026  12:42:39 am
  Module:                 systolic_array_top
  Operating conditions:   fast (balanced_tree)
  Wireload mode:          enclosed
  Area mode:              timing library
============================================================

                                 
   Gate    Instances     Area    Library 
-----------------------------------------
ADDFX1           918   18065.688    fast 
ADDFXL          3005   59136.594    fast 
AND2X1          2541   11539.697    fast 
AND3X1             8      48.442    fast 
AOI21X1          591    2683.967    fast 
AOI21XL           31     140.783    fast 
AOI221X1         128     968.832    fast 
AOI222XL         128    1065.715    fast 
AOI22X1          256    1550.131    fast 
AOI22XL           11      66.607    fast 
AOI32X1            1       6.812    fast 
CLKINVX1         186     422.350    fast 
INVX1            171     388.290    fast 
INVXL             94     213.446    fast 
MX2X1             11      74.933    fast 
MX3XL             37     476.090    fast 
MXI2XL           166    1005.163    fast 
NAND2BX1         192     871.949    fast 
NAND2XL         2297    6954.397    fast 
NAND3BX1           1       6.055    fast 
NAND3X1            3      13.624    fast 
NOR2BX1           77     349.688    fast 
NOR2BXL         1910    8674.074    fast 
NOR2XL          1006    3045.766    fast 
NOR3BX1            6      36.331    fast 
NOR3X1            46     208.904    fast 
OAI211X1           3      15.895    fast 
OAI211XL          16      84.773    fast 
OAI21X1          203     921.904    fast 
OAI22X1            3      18.166    fast 
OAI2BB1XL          1       5.298    fast 
OAI31X1            2      12.110    fast 
OAI32X1           10      68.121    fast 
OAI32XL            6      40.873    fast 
OR2X1             15      68.121    fast 
SDFFQX1         2129   43508.883    fast 
SDFFQXL           87    1777.958    fast 
SMDFFHQX1       1025   27153.789    fast 
XNOR2XL           25     208.148    fast 
XOR2XL             4      33.304    fast 
-----------------------------------------
total          17350  191931.672         


                                           
     Type      Instances    Area    Area % 
-------------------------------------------
sequential          3241  72440.629   37.7 
inverter             451   1024.086    0.5 
logic              13658 118466.956   61.7 
physical_cells         0      0.000    0.0 
-------------------------------------------
total              17350 191931.672  100.0 

